Arguments: 
  /snap/node/5485/bin/node /usr/local/bin/yarnpkg config get registry

PATH: 
  /home/antonio/.npm/_npx/15829/bin:/usr/local/sbin:/usr/local/bin:/usr/sbin:/usr/bin:/sbin:/bin:/usr/games:/usr/local/games:/snap/bin

Yarn version: 
  1.22.15

Node version: 
  14.18.1

Platform: 
  linux x64

Trace: 
  Error: EACCES: permission denied, write
      at writeSync (fs.js:736:3)
      at SyncWriteStream._write (internal/fs/sync_write_stream.js:24:3)
      at writeOrBuffer (internal/streams/writable.js:358:12)
      at SyncWriteStream.Writable.write (internal/streams/writable.js:303:10)
      at ConsoleReporter._log (/usr/local/lib/node_modules/yarn/lib/cli.js:92828:17)
      at ConsoleReporter.log (/usr/local/lib/node_modules/yarn/lib/cli.js:92816:10)
      at get (/usr/local/lib/node_modules/yarn/lib/cli.js:83501:14)
      at Object.<anonymous> (/usr/local/lib/node_modules/yarn/lib/cli.js:25983:25)
      at Generator.next (<anonymous>)
      at step (/usr/local/lib/node_modules/yarn/lib/cli.js:310:30)

npm manifest: 
  {
    "name": "WitChallenge",
    "version": "0.1.0",
    "private": true
  }

yarn manifest: 
  No manifest

Lockfile: 
  No lockfile
